d:\мусор студента\7 семестр\mpi\лабы\mpi_lab_1\mpi_lab_1\debug\mpi_lab_1.pch
d:\мусор студента\7 семестр\mpi\лабы\mpi_lab_1\mpi_lab_1\debug\vc141.pdb
d:\мусор студента\7 семестр\mpi\лабы\mpi_lab_1\mpi_lab_1\debug\vc141.idb
d:\мусор студента\7 семестр\mpi\лабы\mpi_lab_1\mpi_lab_1\debug\stdafx.obj
d:\мусор студента\7 семестр\mpi\лабы\mpi_lab_1\mpi_lab_1\debug\mpi_lab_1.obj
c:\users\msi-pc\documents\visual studio 2017\projects\mpi_lab_1\mpi_lab_1\debug\mpi_lab_1.pch
c:\users\msi-pc\documents\visual studio 2017\projects\mpi_lab_1\mpi_lab_1\debug\vc141.pdb
c:\users\msi-pc\documents\visual studio 2017\projects\mpi_lab_1\mpi_lab_1\debug\vc141.idb
c:\users\msi-pc\documents\visual studio 2017\projects\mpi_lab_1\mpi_lab_1\debug\stdafx.obj
c:\users\msi-pc\documents\visual studio 2017\projects\mpi_lab_1\mpi_lab_1\debug\mpi_lab_1.obj
d:\мусор студента\7 семестр\mpi\лабы\mpi_lab_1\debug\mpi_lab_1.exe
d:\мусор студента\7 семестр\mpi\лабы\mpi_lab_1\debug\mpi_lab_1.ilk
d:\мусор студента\7 семестр\mpi\лабы\mpi_lab_1\debug\mpi_lab_1.pdb
c:\users\msi-pc\documents\visual studio 2017\projects\mpi_lab_1\debug\mpi_lab_1.exe
c:\users\msi-pc\documents\visual studio 2017\projects\mpi_lab_1\debug\mpi_lab_1.ilk
c:\users\msi-pc\documents\visual studio 2017\projects\mpi_lab_1\debug\mpi_lab_1.pdb
c:\users\msi-pc\documents\visual studio 2017\projects\mpi_lab_1\mpi_lab_1\debug\mpi_lab_1.tlog\cl.command.1.tlog
c:\users\msi-pc\documents\visual studio 2017\projects\mpi_lab_1\mpi_lab_1\debug\mpi_lab_1.tlog\cl.read.1.tlog
c:\users\msi-pc\documents\visual studio 2017\projects\mpi_lab_1\mpi_lab_1\debug\mpi_lab_1.tlog\cl.write.1.tlog
c:\users\msi-pc\documents\visual studio 2017\projects\mpi_lab_1\mpi_lab_1\debug\mpi_lab_1.tlog\link.command.1.tlog
c:\users\msi-pc\documents\visual studio 2017\projects\mpi_lab_1\mpi_lab_1\debug\mpi_lab_1.tlog\link.read.1.tlog
c:\users\msi-pc\documents\visual studio 2017\projects\mpi_lab_1\mpi_lab_1\debug\mpi_lab_1.tlog\link.write.1.tlog
